<?xml version="1.0" encoding="UTF-8"?>
<!-- Generated by org.testng.reporters.JUnitReportReporter -->
<testsuite skipped="0" hostname="Mds-MacBook-Pro-3.local" name="TestTableDataRead.TableDataReadTest" tests="1" failures="0" timestamp="14 Oct 2018 13:29:21 GMT" time="9.853" errors="0">
  <testcase name="tableRead" time="9.853" classname="TestTableDataRead.TableDataReadTest"/>
</testsuite> <!-- TestTableDataRead.TableDataReadTest -->
