<?xml version="1.0" encoding="UTF-8"?>
<!-- Generated by org.testng.reporters.JUnitReportReporter -->
<testsuite skipped="0" hostname="Mds-MacBook-Pro-3.local" name="TestLogIn.TestKeywordDriven" tests="1" failures="0" timestamp="14 Oct 2018 13:28:43 GMT" time="11.807" errors="0">
  <testcase name="testKeyword" time="11.807" classname="TestLogIn.TestKeywordDriven"/>
</testsuite> <!-- TestLogIn.TestKeywordDriven -->
